<html>
<body>
<pre>
<h1>Vision Build Log</h1>
<h2>Project:</h2>
F:\课设\综合实践\下位机.uvproj
Project File Date:  06/23/2024

<h2>Output:</h2>
Build target '目标 1'
compiling septemperatue.c...
septemperatue.c(51): warning C280: 'x': unreferenced local variable
linking...
*** WARNING L16: UNCALLED SEGMENT, IGNORED FOR OVERLAY PROCESS
    SEGMENT: ?PR?_SET_TEMPERATURE?SEPTEMPERATUE
Program Size: data=58.0 xdata=0 code=1882
creating hex file from "下位机"...
"下位机" - 0 Error(s), 2 Warning(s).
Build target '目标 1'
compiling septemperatue.c...
linking...
*** WARNING L16: UNCALLED SEGMENT, IGNORED FOR OVERLAY PROCESS
    SEGMENT: ?PR?_SET_TEMPERATURE?SEPTEMPERATUE
Program Size: data=56.0 xdata=0 code=1882
creating hex file from "下位机"...
"下位机" - 0 Error(s), 1 Warning(s).
Build target '目标 1'
compiling septemperatue.c...
linking...
Program Size: data=67.0 xdata=0 code=2426
creating hex file from "下位机"...
"下位机" - 0 Error(s), 0 Warning(s).
Build target '目标 1'
compiling septemperatue.c...
linking...
Program Size: data=67.0 xdata=0 code=2426
creating hex file from "下位机"...
"下位机" - 0 Error(s), 0 Warning(s).
Build target '目标 1'
compiling septemperatue.c...
linking...
Program Size: data=67.0 xdata=0 code=2426
creating hex file from "下位机"...
"下位机" - 0 Error(s), 0 Warning(s).
Build target '目标 1'
compiling septemperatue.c...
linking...
Program Size: data=67.0 xdata=0 code=2426
creating hex file from "下位机"...
"下位机" - 0 Error(s), 0 Warning(s).
Build target '目标 1'
compiling septemperatue.c...
linking...
Program Size: data=67.0 xdata=0 code=2425
creating hex file from "下位机"...
"下位机" - 0 Error(s), 0 Warning(s).
Build target '目标 1'
compiling septemperatue.c...
linking...
Program Size: data=67.0 xdata=0 code=2561
creating hex file from "下位机"...
"下位机" - 0 Error(s), 0 Warning(s).
Build target '目标 1'
compiling septemperatue.c...
linking...
Program Size: data=67.0 xdata=0 code=2562
creating hex file from "下位机"...
"下位机" - 0 Error(s), 0 Warning(s).
Build target '目标 1'
compiling septemperatue.c...
linking...
Program Size: data=67.0 xdata=0 code=2562
creating hex file from "下位机"...
"下位机" - 0 Error(s), 0 Warning(s).
Build target '目标 1'
compiling septemperatue.c...
septemperatue.c(59): warning C206: 'printf': missing function-prototype
septemperatue.c(59): error C267: 'printf': requires ANSI-style prototype
目标未创建
Build target '目标 1'
compiling septemperatue.c...
septemperatue.c(86): warning C206: 'printf': missing function-prototype
septemperatue.c(86): error C267: 'printf': requires ANSI-style prototype
目标未创建
Build target '目标 1'
compiling septemperatue.c...
linking...
Program Size: data=67.0 xdata=0 code=2562
creating hex file from "下位机"...
"下位机" - 0 Error(s), 0 Warning(s).
Build target '目标 1'
compiling septemperatue.c...
linking...
Program Size: data=67.0 xdata=0 code=2562
creating hex file from "下位机"...
"下位机" - 0 Error(s), 0 Warning(s).
Build target '目标 1'
compiling septemperatue.c...
septemperatue.c(63): error C141: syntax error near 'int', expected 'sizeof'
septemperatue.c(63): error C202: 'i': undefined identifier
septemperatue.c(63): error C202: 'i': undefined identifier
septemperatue.c(63): error C202: 'i': undefined identifier
septemperatue.c(63): error C141: syntax error near ')', expected ';'
目标未创建
Build target '目标 1'
compiling septemperatue.c...
septemperatue.c(63): error C141: syntax error near 'int', expected 'sizeof'
septemperatue.c(63): error C202: 'i': undefined identifier
septemperatue.c(63): error C202: 'i': undefined identifier
septemperatue.c(63): error C202: 'i': undefined identifier
septemperatue.c(63): error C141: syntax error near ')', expected ';'
目标未创建
Build target '目标 1'
compiling septemperatue.c...
linking...
Program Size: data=67.0 xdata=0 code=2562
creating hex file from "下位机"...
"下位机" - 0 Error(s), 0 Warning(s).
Build target '目标 1'
compiling septemperatue.c...
septemperatue.c(62): error C141: syntax error near 'int', expected 'sizeof'
septemperatue.c(62): error C202: 'i': undefined identifier
septemperatue.c(62): error C202: 'i': undefined identifier
septemperatue.c(62): error C202: 'i': undefined identifier
septemperatue.c(62): error C141: syntax error near ')', expected ';'
目标未创建
Build target '目标 1'
compiling septemperatue.c...
septemperatue.c(62): error C141: syntax error near 'int', expected 'sizeof'
septemperatue.c(62): error C202: 'i': undefined identifier
septemperatue.c(62): error C202: 'i': undefined identifier
septemperatue.c(62): error C202: 'i': undefined identifier
septemperatue.c(62): error C141: syntax error near ')', expected ';'
目标未创建
Build target '目标 1'
compiling septemperatue.c...
septemperatue.c(62): error C141: syntax error near 'unsigned', expected 'sizeof'
septemperatue.c(62): error C202: 'i': undefined identifier
septemperatue.c(62): error C202: 'i': undefined identifier
septemperatue.c(62): error C202: 'i': undefined identifier
septemperatue.c(62): error C141: syntax error near ')', expected ';'
目标未创建
Build target '目标 1'
compiling septemperatue.c...
septemperatue.c(62): error C141: syntax error near 'int', expected '__asm'
septemperatue.c(62): error C202: 'i': undefined identifier
目标未创建
Build target '目标 1'
compiling septemperatue.c...
septemperatue.c(62): error C141: syntax error near 'int', expected '__asm'
septemperatue.c(62): error C202: 'i': undefined identifier
目标未创建
Build target '目标 1'
compiling septemperatue.c...
septemperatue.c(62): error C141: syntax error near 'int', expected '__asm'
septemperatue.c(62): error C202: 'i': undefined identifier
septemperatue.c(63): error C202: 'i': undefined identifier
septemperatue.c(64): error C202: 'i': undefined identifier
septemperatue.c(65): error C202: 'i': undefined identifier
目标未创建
Build target '目标 1'
compiling septemperatue.c...
linking...
Program Size: data=67.0 xdata=0 code=2565
creating hex file from "下位机"...
"下位机" - 0 Error(s), 0 Warning(s).
Build target '目标 1'
compiling septemperatue.c...
linking...
Program Size: data=67.0 xdata=0 code=2580
creating hex file from "下位机"...
"下位机" - 0 Error(s), 0 Warning(s).
Build target '目标 1'
compiling septemperatue.c...
linking...
Program Size: data=67.0 xdata=0 code=2577
creating hex file from "下位机"...
"下位机" - 0 Error(s), 0 Warning(s).
Build target '目标 1'
compiling septemperatue.c...
septemperatue.c(51): warning C280: 'receiveCounts': unreferenced local variable
septemperatue.c(52): warning C280: 'reBuff': unreferenced local variable
linking...
Program Size: data=74.0 xdata=0 code=2565
creating hex file from "下位机"...
"下位机" - 0 Error(s), 2 Warning(s).
Build target '目标 1'
compiling septemperatue.c...
linking...
Program Size: data=67.0 xdata=0 code=2562
creating hex file from "下位机"...
"下位机" - 0 Error(s), 0 Warning(s).
Build target '目标 1'
compiling septemperatue.c...
septemperatue.c(62): warning C206: 'send_byte': missing function-prototype
septemperatue.c(62): error C267: 'send_byte': requires ANSI-style prototype
septemperatue.c(79): error C231: 'send_byte': redefinition
septemperatue.c(83): error C231: 'send_byte': redefinition
目标未创建
Build target '目标 1'
compiling septemperatue.c...
linking...
Program Size: data=67.0 xdata=0 code=2567
creating hex file from "下位机"...
"下位机" - 0 Error(s), 0 Warning(s).
Build target '目标 1'
compiling septemperatue.c...
linking...
Program Size: data=67.0 xdata=0 code=2586
creating hex file from "下位机"...
"下位机" - 0 Error(s), 0 Warning(s).
Build target '目标 1'
compiling septemperatue.c...
linking...
Program Size: data=67.0 xdata=0 code=2590
creating hex file from "下位机"...
"下位机" - 0 Error(s), 0 Warning(s).
Build target '目标 1'
linking...
Program Size: data=67.0 xdata=0 code=2590
creating hex file from "下位机"...
"下位机" - 0 Error(s), 0 Warning(s).
Build target '目标 1'
compiling septemperatue.c...
linking...
Program Size: data=67.0 xdata=0 code=2591
creating hex file from "下位机"...
"下位机" - 0 Error(s), 0 Warning(s).
